\BOOKMARK [0][-]{chapter.1}{Ardrone 2.0}{}% 1
\BOOKMARK [1][-]{section.1.1}{Description g\351n\351rale}{chapter.1}% 2
\BOOKMARK [1][-]{section.1.2}{Mise en place de la connexion}{chapter.1}% 3
\BOOKMARK [1][-]{section.1.3}{Commandes AT}{chapter.1}% 4
\BOOKMARK [1][-]{section.1.4}{Informations utiles}{chapter.1}% 5
\BOOKMARK [1][-]{section.1.5}{Liens externes}{chapter.1}% 6
\BOOKMARK [0][-]{chapter.2}{Raspberry Pi}{}% 7
\BOOKMARK [1][-]{section.2.1}{Utilit\351}{chapter.2}% 8
\BOOKMARK [1][-]{section.2.2}{Installation}{chapter.2}% 9
\BOOKMARK [1][-]{section.2.3}{Usage}{chapter.2}% 10
\BOOKMARK [1][-]{section.2.4}{Configuration}{chapter.2}% 11
\BOOKMARK [1][-]{section.2.5}{Liens externes}{chapter.2}% 12
\BOOKMARK [0][-]{chapter.3}{ROS}{}% 13
\BOOKMARK [1][-]{section.3.1}{Introduction}{chapter.3}% 14
\BOOKMARK [1][-]{section.3.2}{Installation}{chapter.3}% 15
\BOOKMARK [1][-]{section.3.3}{Comprendre ROS}{chapter.3}% 16
\BOOKMARK [1][-]{section.3.4}{Utilisation du paquet ROS 2015-2016}{chapter.3}% 17
\BOOKMARK [1][-]{section.3.5}{D\351veloppement}{chapter.3}% 18
\BOOKMARK [1][-]{section.3.6}{Liens externes}{chapter.3}% 19
\BOOKMARK [0][-]{chapter.4}{Outils}{}% 20
\BOOKMARK [1][-]{section.4.1}{Git}{chapter.4}% 21
